This is pdfTeX, Version 3.14159265-2.6-1.40.18 (TeX Live 2017/Debian) (preloaded format=latex 2018.8.26)  29 AUG 2018 12:12
entering extended mode
 restricted \write18 enabled.
 %&-line parsing enabled.
**visualisation.html
(./visualisation.html
LaTeX2e <2017-04-15>
Babel <3.18> and hyphenation patterns for 3 language(s) loaded.

! LaTeX Error: Missing \begin{document}.

See the LaTeX manual or LaTeX Companion for explanation.
Type  H <return>  for immediate help.
 ...                                              
                                                  
l.1 <
     html>
? X
 
Here is how much of TeX's memory you used:
 7 strings out of 494924
 298 string characters out of 6180768
 45871 words of memory out of 5000000
 3421 multiletter control sequences out of 15000+600000
 3640 words of font info for 14 fonts, out of 8000000 for 9000
 14 hyphenation exceptions out of 8191
 5i,0n,4p,29b,14s stack positions out of 5000i,500n,10000p,200000b,80000s
No pages of output.
